'http://arxiv.org/list/cs/10?skip=0&show=1000',
'http://arxiv.org/list/cs/10?skip=1000&show=1000',
'http://arxiv.org/list/cs/10?skip=2000&show=1000',
'http://arxiv.org/list/cs/10?skip=3000&show=1000',
'http://arxiv.org/list/cs/10?skip=4000&show=1000',
'http://arxiv.org/list/cs/10?skip=5000&show=1000',
'http://arxiv.org/list/cs/10?skip=6000&show=1000',
'http://arxiv.org/list/cs/10?skip=7000&show=1000',
'http://arxiv.org/list/cs/11?skip=0&show=1000',
'http://arxiv.org/list/cs/11?skip=1000&show=1000',
'http://arxiv.org/list/cs/11?skip=2000&show=1000',
'http://arxiv.org/list/cs/11?skip=3000&show=1000',
'http://arxiv.org/list/cs/11?skip=4000&show=1000',
'http://arxiv.org/list/cs/11?skip=5000&show=1000',
'http://arxiv.org/list/cs/11?skip=6000&show=1000',
'http://arxiv.org/list/cs/11?skip=7000&show=1000',
'http://arxiv.org/list/cs/11?skip=8000&show=1000',
'http://arxiv.org/list/cs/11?skip=9000&show=1000',
'http://arxiv.org/list/cs/12?skip=0&show=1000',
'http://arxiv.org/list/cs/12?skip=1000&show=1000',
'http://arxiv.org/list/cs/12?skip=2000&show=1000',
'http://arxiv.org/list/cs/12?skip=3000&show=1000',
'http://arxiv.org/list/cs/12?skip=4000&show=1000',
'http://arxiv.org/list/cs/12?skip=5000&show=1000',
'http://arxiv.org/list/cs/12?skip=6000&show=1000',
'http://arxiv.org/list/cs/12?skip=7000&show=1000',
'http://arxiv.org/list/cs/12?skip=8000&show=1000',
'http://arxiv.org/list/cs/12?skip=9000&show=1000',
'http://arxiv.org/list/cs/12?skip=10000&show=1000',
'http://arxiv.org/list/cs/12?skip=11000&show=1000',
'http://arxiv.org/list/cs/12?skip=12000&show=1000',
'http://arxiv.org/list/cs/13?skip=0&show=1000',
'http://arxiv.org/list/cs/13?skip=1000&show=1000',
'http://arxiv.org/list/cs/13?skip=2000&show=1000',
'http://arxiv.org/list/cs/13?skip=3000&show=1000',
'http://arxiv.org/list/cs/13?skip=4000&show=1000',
'http://arxiv.org/list/cs/13?skip=5000&show=1000',
'http://arxiv.org/list/cs/13?skip=6000&show=1000',
'http://arxiv.org/list/cs/13?skip=7000&show=1000',
'http://arxiv.org/list/cs/13?skip=8000&show=1000',
'http://arxiv.org/list/cs/13?skip=9000&show=1000',
'http://arxiv.org/list/cs/13?skip=10000&show=1000',
'http://arxiv.org/list/cs/13?skip=11000&show=1000',
'http://arxiv.org/list/cs/13?skip=12000&show=1000',
'http://arxiv.org/list/cs/13?skip=13000&show=1000',
'http://arxiv.org/list/cs/13?skip=14000&show=1000',
'http://arxiv.org/list/cs/14?skip=0&show=1000',
'http://arxiv.org/list/cs/14?skip=1000&show=1000',
'http://arxiv.org/list/cs/14?skip=2000&show=1000',
'http://arxiv.org/list/cs/14?skip=3000&show=1000',
'http://arxiv.org/list/cs/14?skip=4000&show=1000',
'http://arxiv.org/list/cs/14?skip=5000&show=1000',
'http://arxiv.org/list/cs/14?skip=6000&show=1000',
'http://arxiv.org/list/cs/14?skip=7000&show=1000',
'http://arxiv.org/list/cs/14?skip=8000&show=1000',
'http://arxiv.org/list/cs/14?skip=9000&show=1000',
'http://arxiv.org/list/cs/14?skip=10000&show=1000',
'http://arxiv.org/list/cs/14?skip=11000&show=1000',
'http://arxiv.org/list/cs/14?skip=12000&show=1000',
'http://arxiv.org/list/cs/14?skip=13000&show=1000',
'http://arxiv.org/list/cs/14?skip=14000&show=1000',
'http://arxiv.org/list/cs/14?skip=15000&show=1000',
'http://arxiv.org/list/cs/14?skip=16000&show=1000',
'http://arxiv.org/list/cs/15?skip=0&show=1000',
'http://arxiv.org/list/cs/15?skip=1000&show=1000',
'http://arxiv.org/list/cs/15?skip=2000&show=1000',
'http://arxiv.org/list/cs/15?skip=3000&show=1000',
(Submitted on 6 Dec 2014 (
6 Dec 2014
time parsing error
(Submitted on 28 Jan 2015)
28 Jan 2015
time parsing error
(Submitted on 7 Mar 2015)
7 Mar 2015
time parsing error
(Submitted on 16 Nov 2014)
16 Nov 2014
time parsing error
(Submitted on 1 Jun 2014)
1 Jun 2014
time parsing error
(Submitted on 11 May 2014)
11 May 2014
time parsing error
(Submitted on 29 Jun 2014)
29 Jun 2014
time parsing error
(Submitted on 21 Jul 2014)
21 Jul 2014
time parsing error
(Submitted on 1 Jun 2014)
1 Jun 2014
time parsing error
(Submitted on 11 May 2014 (
11 May 2014
time parsing error
(Submitted on 28 Jun 2014 (
28 Jun 2014
time parsing error
(Submitted on 21 Jul 2014)
21 Jul 2014
time parsing error
(Submitted on 23 Apr 2014)
23 Apr 2014
time parsing error
(Submitted on 31 May 2014)
31 May 2014
time parsing error
(Submitted on 11 May 2014)
11 May 2014
time parsing error
(Submitted on 28 Jun 2014)
28 Jun 2014
time parsing error
(Submitted on 21 Jul 2014)
21 Jul 2014
time parsing error
(Submitted on 23 Apr 2014)
23 Apr 2014
time parsing error
(Submitted on 31 May 2014)
31 May 2014
time parsing error
(Submitted on 11 May 2014)
11 May 2014
time parsing error
(Submitted on 1 Jun 2014)
1 Jun 2014
time parsing error
(Submitted on 2 Jun 2014)
2 Jun 2014
time parsing error
(Submitted on 2 Jun 2014)
2 Jun 2014
time parsing error
(Submitted on 2 Jun 2014)
2 Jun 2014
time parsing error
(Submitted on 3 Jun 2014)
3 Jun 2014
time parsing error
(Submitted on 2 Jun 2014)
2 Jun 2014
time parsing error
(Submitted on 2 Jun 2014 (
2 Jun 2014
time parsing error
(Submitted on 29 May 2014)
29 May 2014
time parsing error
(Submitted on 2 Jun 2014 (
2 Jun 2014
time parsing error
(Submitted on 12 May 2014)
12 May 2014
time parsing error
(Submitted on 2 Jun 2014 (
2 Jun 2014
time parsing error
(Submitted on 12 May 2014)
12 May 2014
time parsing error
(Submitted on 2 Jun 2014 (
2 Jun 2014
time parsing error
(Submitted on 12 May 2014)
12 May 2014
time parsing error
(Submitted on 30 Jun 2014 (
30 Jun 2014
time parsing error
(Submitted on 2 Jun 2014 (
2 Jun 2014
time parsing error
(Submitted on 12 May 2014)
12 May 2014
time parsing error
(Submitted on 30 Jun 2014)
30 Jun 2014
time parsing error
(Submitted on 2 Jun 2014)
2 Jun 2014
time parsing error
(Submitted on 9 May 2014 (
9 May 2014
time parsing error
(Submitted on 30 Jun 2014 (
30 Jun 2014
time parsing error
(Submitted on 2 Jun 2014)
2 Jun 2014
time parsing error
(Submitted on 12 May 2014)
12 May 2014
time parsing error
(Submitted on 30 Jun 2014)
30 Jun 2014
time parsing error
(Submitted on 30 May 2014 (
30 May 2014
time parsing error
(Submitted on 30 Jun 2014)
30 Jun 2014
time parsing error
(Submitted on 2 Jun 2014)
2 Jun 2014
time parsing error
(Submitted on 12 May 2014)
12 May 2014
time parsing error
(Submitted on 30 Jun 2014 (
30 Jun 2014
time parsing error
(Submitted on 2 Jun 2014)
2 Jun 2014
time parsing error
(Submitted on 12 May 2014)
12 May 2014
time parsing error
(Submitted on 30 Jun 2014 (
30 Jun 2014
time parsing error
(Submitted on 2 Jun 2014)
2 Jun 2014
time parsing error
(Submitted on 12 May 2014)
12 May 2014
time parsing error
(Submitted on 30 Jun 2014)
30 Jun 2014
time parsing error
(Submitted on 12 May 2014)
12 May 2014
time parsing error
(Submitted on 30 Jun 2014)
30 Jun 2014
time parsing error
